<?xml version="1.0" encoding="UTF-8" ?>
<testsuite errors="0" failures="0" hostname="mom-PC" name="teamtracker.OpponentControllerTests" tests="8" time="1.124" timestamp="2012-05-22T03:05:41">
  <properties />
  <testcase classname="teamtracker.OpponentControllerTests" name="testList" time="0.249" />
  <testcase classname="teamtracker.OpponentControllerTests" name="testIndex" time="0.079" />
  <testcase classname="teamtracker.OpponentControllerTests" name="testCreate" time="0.078" />
  <testcase classname="teamtracker.OpponentControllerTests" name="testSave" time="0.11" />
  <testcase classname="teamtracker.OpponentControllerTests" name="testUpdate" time="0.093" />
  <testcase classname="teamtracker.OpponentControllerTests" name="testShow" time="0.084" />
  <testcase classname="teamtracker.OpponentControllerTests" name="testEdit" time="0.081" />
  <testcase classname="teamtracker.OpponentControllerTests" name="testDelete" time="0.097" />
  <system-out><![CDATA[--Output from testList--
--Output from testIndex--
--Output from testCreate--
--Output from testSave--
--Output from testUpdate--
--Output from testShow--
--Output from testEdit--
--Output from testDelete--
]]></system-out>
  <system-err><![CDATA[--Output from testList--
--Output from testIndex--
--Output from testCreate--
--Output from testSave--
--Output from testUpdate--
--Output from testShow--
--Output from testEdit--
--Output from testDelete--
]]></system-err>
</testsuite>
