<?xml version="1.0" encoding="UTF-8" ?>
<testsuite errors="0" failures="0" hostname="mom-PC" name="teamtracker.GameSpec" tests="13" time="0.533" timestamp="2012-05-22T03:05:45">
  <properties />
  <testcase classname="teamtracker.GameSpec" name="Verify Game string is in correct format" time="0.246" />
  <testcase classname="teamtracker.GameSpec" name="Verify Game date is in correct format" time="0.016" />
  <testcase classname="teamtracker.GameSpec" name="Verify Game domain constraints: The value &apos;null&apos; for the field &apos;result&apos; results in  no error " time="0.015" />
  <testcase classname="teamtracker.GameSpec" name="Verify Game domain constraints: The value &apos;scheduled&apos; for the field &apos;result&apos; results in  no error " time="0.016" />
  <testcase classname="teamtracker.GameSpec" name="Verify Game domain constraints: The value &apos;win&apos; for the field &apos;result&apos; results in  no error " time="0.016" />
  <testcase classname="teamtracker.GameSpec" name="Verify Game domain constraints: The value &apos;loss&apos; for the field &apos;result&apos; results in  no error " time="0.015" />
  <testcase classname="teamtracker.GameSpec" name="Verify Game domain constraints: The value &apos;tie&apos; for the field &apos;result&apos; results in  no error " time="0.016" />
  <testcase classname="teamtracker.GameSpec" name="Verify Game domain constraints: The value &apos;forfeit&apos; for the field &apos;result&apos; results in  no error " time="0.015" />
  <testcase classname="teamtracker.GameSpec" name="Verify Game domain constraints: The value &apos;unknown&apos; for the field &apos;result&apos; results in  inList error " time="0.016" />
  <testcase classname="teamtracker.GameSpec" name="Verify Game domain constraints: The value &apos;a very long string &apos; for the field &apos;result&apos; results in  inList error " time="0.016" />
  <testcase classname="teamtracker.GameSpec" name="Verify Game domain constraints: The value &apos;x&apos; for the field &apos;result&apos; results in  inList error " time="0.015" />
  <testcase classname="teamtracker.GameSpec" name="Verify Game domain constraints: The value &apos;Mon May 21 20:05:45 MST 2012&apos; for the field &apos;date&apos; results in  no error " time="0.016" />
  <testcase classname="teamtracker.GameSpec" name="Verify Game domain constraints: The value &apos;null&apos; for the field &apos;date&apos; results in  nullable error " time="0.015" />
  <system-out><![CDATA[--Output from Verify Game string is in correct format--
--Output from Verify Game date is in correct format--
--Output from Verify Game domain constraints: The value 'null' for the field 'result' results in  no error --
--Output from Verify Game domain constraints: The value 'scheduled' for the field 'result' results in  no error --
--Output from Verify Game domain constraints: The value 'win' for the field 'result' results in  no error --
--Output from Verify Game domain constraints: The value 'loss' for the field 'result' results in  no error --
--Output from Verify Game domain constraints: The value 'tie' for the field 'result' results in  no error --
--Output from Verify Game domain constraints: The value 'forfeit' for the field 'result' results in  no error --
--Output from Verify Game domain constraints: The value 'unknown' for the field 'result' results in  inList error --
--Output from Verify Game domain constraints: The value 'a very long string ' for the field 'result' results in  inList error --
--Output from Verify Game domain constraints: The value 'x' for the field 'result' results in  inList error --
--Output from Verify Game domain constraints: The value 'Mon May 21 20:05:45 MST 2012' for the field 'date' results in  no error --
--Output from Verify Game domain constraints: The value 'null' for the field 'date' results in  nullable error --
]]></system-out>
  <system-err><![CDATA[--Output from Verify Game string is in correct format--
--Output from Verify Game date is in correct format--
--Output from Verify Game domain constraints: The value 'null' for the field 'result' results in  no error --
--Output from Verify Game domain constraints: The value 'scheduled' for the field 'result' results in  no error --
--Output from Verify Game domain constraints: The value 'win' for the field 'result' results in  no error --
--Output from Verify Game domain constraints: The value 'loss' for the field 'result' results in  no error --
--Output from Verify Game domain constraints: The value 'tie' for the field 'result' results in  no error --
--Output from Verify Game domain constraints: The value 'forfeit' for the field 'result' results in  no error --
--Output from Verify Game domain constraints: The value 'unknown' for the field 'result' results in  inList error --
--Output from Verify Game domain constraints: The value 'a very long string ' for the field 'result' results in  inList error --
--Output from Verify Game domain constraints: The value 'x' for the field 'result' results in  inList error --
--Output from Verify Game domain constraints: The value 'Mon May 21 20:05:45 MST 2012' for the field 'date' results in  no error --
--Output from Verify Game domain constraints: The value 'null' for the field 'date' results in  nullable error --
]]></system-err>
</testsuite>
