<?xml version="1.0" encoding="UTF-8" ?>
<testsuite errors="0" failures="0" hostname="mom-PC" name="teamtracker.Tests" tests="1" time="0.0" timestamp="2012-05-22T03:05:44">
  <properties />
  <testcase classname="teamtracker.Tests" name="testSomething" time="0.0" />
  <system-out><![CDATA[--Output from testSomething--
]]></system-out>
  <system-err><![CDATA[--Output from testSomething--
]]></system-err>
</testsuite>
