<?xml version="1.0" encoding="UTF-8" ?>
<testsuite errors="0" failures="0" hostname="mom-PC" name="teamtracker.GameTests" tests="2" time="0.772" timestamp="2012-05-22T03:05:40">
  <properties />
  <testcase classname="teamtracker.GameTests" name="testDefaultLocationIsTbd" time="0.509" />
  <testcase classname="teamtracker.GameTests" name="testCreateValidGame" time="0.063" />
  <system-out><![CDATA[--Output from testDefaultLocationIsTbd--
--Output from testCreateValidGame--
]]></system-out>
  <system-err><![CDATA[--Output from testDefaultLocationIsTbd--
--Output from testCreateValidGame--
]]></system-err>
</testsuite>
