<?xml version="1.0" encoding="UTF-8" ?>
<testsuite errors="0" failures="0" hostname="mom-PC" name="teamtracker.GameControllerTests" tests="8" time="3.876" timestamp="2012-05-22T03:05:36">
  <properties />
  <testcase classname="teamtracker.GameControllerTests" name="testList" time="2.649" />
  <testcase classname="teamtracker.GameControllerTests" name="testIndex" time="0.205" />
  <testcase classname="teamtracker.GameControllerTests" name="testCreate" time="0.109" />
  <testcase classname="teamtracker.GameControllerTests" name="testSave" time="0.394" />
  <testcase classname="teamtracker.GameControllerTests" name="testUpdate" time="0.172" />
  <testcase classname="teamtracker.GameControllerTests" name="testShow" time="0.062" />
  <testcase classname="teamtracker.GameControllerTests" name="testEdit" time="0.063" />
  <testcase classname="teamtracker.GameControllerTests" name="testDelete" time="0.096" />
  <system-out><![CDATA[--Output from testList--
--Output from testIndex--
--Output from testCreate--
--Output from testSave--
in afterinsert   domain is Game 05/21/12 at 08:05 PM vs. null
--Output from testUpdate--
in afterinsert   domain is Game 05/21/12 at 08:05 PM vs. null
--Output from testShow--
--Output from testEdit--
--Output from testDelete--
in afterinsert   domain is Game 05/21/12 at 08:05 PM vs. null
]]></system-out>
  <system-err><![CDATA[--Output from testList--
--Output from testIndex--
--Output from testCreate--
--Output from testSave--
--Output from testUpdate--
--Output from testShow--
--Output from testEdit--
--Output from testDelete--
]]></system-err>
</testsuite>
