<?xml version="1.0" encoding="UTF-8" ?>
<testsuite errors="0" failures="0" hostname="mom-PC" name="teamtracker.PlayerGameStatusControllerTests" tests="8" time="1.087" timestamp="2012-05-22T03:05:43">
  <properties />
  <testcase classname="teamtracker.PlayerGameStatusControllerTests" name="testList" time="0.289" />
  <testcase classname="teamtracker.PlayerGameStatusControllerTests" name="testIndex" time="0.114" />
  <testcase classname="teamtracker.PlayerGameStatusControllerTests" name="testCreate" time="0.078" />
  <testcase classname="teamtracker.PlayerGameStatusControllerTests" name="testSave" time="0.164" />
  <testcase classname="teamtracker.PlayerGameStatusControllerTests" name="testUpdate" time="0.094" />
  <testcase classname="teamtracker.PlayerGameStatusControllerTests" name="testShow" time="0.109" />
  <testcase classname="teamtracker.PlayerGameStatusControllerTests" name="testEdit" time="0.078" />
  <testcase classname="teamtracker.PlayerGameStatusControllerTests" name="testDelete" time="0.078" />
  <system-out><![CDATA[--Output from testList--
--Output from testIndex--
--Output from testCreate--
--Output from testSave--
--Output from testUpdate--
--Output from testShow--
--Output from testEdit--
--Output from testDelete--
]]></system-out>
  <system-err><![CDATA[--Output from testList--
--Output from testIndex--
--Output from testCreate--
--Output from testSave--
--Output from testUpdate--
--Output from testShow--
--Output from testEdit--
--Output from testDelete--
]]></system-err>
</testsuite>
